0.015076400712132454
0.015076400712132454
0.015076400712132454
0.015076400712132454
0.015076400712132454
0.015076400712132454
0.015076400712132454
0.015076400712132454
0.015076400712132454
0.015076400712132454
0.015076400712132454
0.015076400712132454
0.015076400712132454
0.015076400712132454
0.015076400712132454
0.015076400712132454
0.015076400712132454
0.015076400712132454
0.015076400712132454
0.015076400712132454
0.015076400712132454
0.015076400712132454
0.015076400712132454
0.015076400712132454
0.015076400712132454
0.015076400712132454
0.015076400712132454
0.015076400712132454
0.015076400712132454
0.015076400712132454
0.015076400712132454
0.015076400712132454
0.015076400712132454
0.015076400712132454
0.015076400712132454
0.015076400712132454
0.015076400712132454
0.015076400712132454
0.015076400712132454
0.015076400712132454
0.015076400712132454
0.015076400712132454
0.015076400712132454
0.015076400712132454
0.015076400712132454
0.015076400712132454
0.015076400712132454
0.015076400712132454
0.015076400712132454
0.015076400712132454
0.015076400712132454
0.015076400712132454
0.015076400712132454
